{"/Users/nicolas/VsCode/dfe2/dfe2_exp2_s6/src/layout/Footer.jsx": {"path":"/Users/nicolas/VsCode/dfe2/dfe2_exp2_s6/src/layout/Footer.jsx","statementMap":{"0":{"start":{"line":3,"column":15},"end":{"line":25,"column":null}},"1":{"start":{"line":4,"column":15},"end":{"line":4,"column":null}},"2":{"start":{"line":5,"column":20},"end":{"line":5,"column":null}}},"fnMap":{"0":{"name":"(anonymous_0)","decl":{"start":{"line":3,"column":15},"end":{"line":3,"column":null}},"loc":{"start":{"line":3,"column":15},"end":{"line":25,"column":null}},"line":3}},"branchMap":{},"s":{"0":1,"1":4,"2":4},"f":{"0":4},"b":{},"meta":{"lastBranch":0,"lastFunction":1,"lastStatement":3,"seen":{"s:3:15:25:Infinity":0,"f:3:15:3:Infinity":0,"s:4:15:4:Infinity":1,"s:5:20:5:Infinity":2}}}
,"/Users/nicolas/VsCode/dfe2/dfe2_exp2_s6/src/layout/Header.jsx": {"path":"/Users/nicolas/VsCode/dfe2/dfe2_exp2_s6/src/layout/Header.jsx","statementMap":{"0":{"start":{"line":3,"column":18},"end":{"line":6,"column":null}},"1":{"start":{"line":8,"column":15},"end":{"line":28,"column":null}},"2":{"start":{"line":16,"column":55},"end":{"line":16,"column":110}},"3":{"start":{"line":19,"column":65},"end":{"line":19,"column":120}},"4":{"start":{"line":22,"column":63},"end":{"line":22,"column":118}}},"fnMap":{"0":{"name":"(anonymous_0)","decl":{"start":{"line":8,"column":15},"end":{"line":8,"column":null}},"loc":{"start":{"line":8,"column":15},"end":{"line":28,"column":null}},"line":8},"1":{"name":"(anonymous_1)","decl":{"start":{"line":16,"column":39},"end":{"line":16,"column":40}},"loc":{"start":{"line":16,"column":55},"end":{"line":16,"column":110}},"line":16},"2":{"name":"(anonymous_2)","decl":{"start":{"line":19,"column":49},"end":{"line":19,"column":50}},"loc":{"start":{"line":19,"column":65},"end":{"line":19,"column":120}},"line":19},"3":{"name":"(anonymous_3)","decl":{"start":{"line":22,"column":47},"end":{"line":22,"column":48}},"loc":{"start":{"line":22,"column":63},"end":{"line":22,"column":118}},"line":22}},"branchMap":{"0":{"loc":{"start":{"line":16,"column":76},"end":{"line":16,"column":110}},"type":"cond-expr","locations":[{"start":{"line":16,"column":87},"end":{"line":16,"column":103}},{"start":{"line":16,"column":106},"end":{"line":16,"column":110}}],"line":16},"1":{"loc":{"start":{"line":19,"column":86},"end":{"line":19,"column":120}},"type":"cond-expr","locations":[{"start":{"line":19,"column":97},"end":{"line":19,"column":113}},{"start":{"line":19,"column":116},"end":{"line":19,"column":120}}],"line":19},"2":{"loc":{"start":{"line":22,"column":84},"end":{"line":22,"column":118}},"type":"cond-expr","locations":[{"start":{"line":22,"column":95},"end":{"line":22,"column":111}},{"start":{"line":22,"column":114},"end":{"line":22,"column":118}}],"line":22}},"s":{"0":1,"1":1,"2":11,"3":11,"4":11},"f":{"0":11,"1":11,"2":11,"3":11},"b":{"0":[8,3],"1":[1,10],"2":[1,10]},"meta":{"lastBranch":3,"lastFunction":4,"lastStatement":5,"seen":{"s:3:18:6:Infinity":0,"s:8:15:28:Infinity":1,"f:8:15:8:Infinity":0,"f:16:39:16:40":1,"s:16:55:16:110":2,"b:16:87:16:103:16:106:16:110":0,"f:19:49:19:50":2,"s:19:65:19:120":3,"b:19:97:19:113:19:116:19:120":1,"f:22:47:22:48":3,"s:22:63:22:118":4,"b:22:95:22:111:22:114:22:118":2}}}
,"/Users/nicolas/VsCode/dfe2/dfe2_exp2_s6/src/pages/HomePage.jsx": {"path":"/Users/nicolas/VsCode/dfe2/dfe2_exp2_s6/src/pages/HomePage.jsx","statementMap":{"0":{"start":{"line":1,"column":17},"end":{"line":8,"column":null}}},"fnMap":{"0":{"name":"(anonymous_0)","decl":{"start":{"line":1,"column":17},"end":{"line":1,"column":null}},"loc":{"start":{"line":1,"column":17},"end":{"line":8,"column":null}},"line":1}},"branchMap":{},"s":{"0":1},"f":{"0":3},"b":{},"meta":{"lastBranch":0,"lastFunction":1,"lastStatement":1,"seen":{"s:1:17:8:Infinity":0,"f:1:17:1:Infinity":0}}}
}
